[0.631s] Invoking command in '/home/kil/Documentos/maps-turtle/meu_ros': PYTHONPATH=/home/kil/Documentos/maps-turtle/meu_ros/build/meu_ros/prefix_override:/home/kil/Documentos/maps-turtle/meu_ros/install/meu_ros/lib/python3.10/site-packages:${PYTHONPATH} /usr/bin/python3 setup.py egg_info --egg-base build/meu_ros build --build-base /home/kil/Documentos/maps-turtle/meu_ros/build/meu_ros/build install --record /home/kil/Documentos/maps-turtle/meu_ros/build/meu_ros/install.log --single-version-externally-managed
[0.794s] running egg_info
[0.804s] writing build/meu_ros/meu_ros.egg-info/PKG-INFO
[0.805s] writing dependency_links to build/meu_ros/meu_ros.egg-info/dependency_links.txt
[0.805s] writing entry points to build/meu_ros/meu_ros.egg-info/entry_points.txt
[0.805s] writing requirements to build/meu_ros/meu_ros.egg-info/requires.txt
[0.805s] writing top-level names to build/meu_ros/meu_ros.egg-info/top_level.txt
[0.827s] reading manifest file 'build/meu_ros/meu_ros.egg-info/SOURCES.txt'
[0.829s] writing manifest file 'build/meu_ros/meu_ros.egg-info/SOURCES.txt'
[0.829s] running build
[0.829s] running build_py
[0.829s] copying meu_ros/test_chatbot.py -> /home/kil/Documentos/maps-turtle/meu_ros/build/meu_ros/build/lib/meu_ros
[0.829s] running install
[0.830s] /home/kil/.local/lib/python3.10/site-packages/setuptools/_distutils/cmd.py:66: SetuptoolsDeprecationWarning: setup.py install is deprecated.
[0.830s] !!
[0.830s] 
[0.830s]         ********************************************************************************
[0.830s]         Please avoid running ``setup.py`` directly.
[0.830s]         Instead, use pypa/build, pypa/installer or other
[0.830s]         standards-based tools.
[0.830s] 
[0.830s]         See https://blog.ganssle.io/articles/2021/10/setup-py-deprecated.html for details.
[0.830s]         ********************************************************************************
[0.830s] 
[0.830s] !!
[0.830s]   self.initialize_options()
[0.834s] running install_lib
[0.845s] copying /home/kil/Documentos/maps-turtle/meu_ros/build/meu_ros/build/lib/meu_ros/test_chatbot.py -> /home/kil/Documentos/maps-turtle/meu_ros/install/meu_ros/lib/python3.10/site-packages/meu_ros
[0.845s] byte-compiling /home/kil/Documentos/maps-turtle/meu_ros/install/meu_ros/lib/python3.10/site-packages/meu_ros/test_chatbot.py to test_chatbot.cpython-310.pyc
[0.846s] running install_data
[0.856s] copying launch/test_launch.py -> /home/kil/Documentos/maps-turtle/meu_ros/install/meu_ros/share/meu_ros/launch
[0.856s] running install_egg_info
[0.868s] removing '/home/kil/Documentos/maps-turtle/meu_ros/install/meu_ros/lib/python3.10/site-packages/meu_ros-0.0.0-py3.10.egg-info' (and everything under it)
[0.868s] Copying build/meu_ros/meu_ros.egg-info to /home/kil/Documentos/maps-turtle/meu_ros/install/meu_ros/lib/python3.10/site-packages/meu_ros-0.0.0-py3.10.egg-info
[0.869s] running install_scripts
[0.982s] Installing chatbot script to /home/kil/Documentos/maps-turtle/meu_ros/install/meu_ros/lib/meu_ros
[0.983s] Installing nav2_test script to /home/kil/Documentos/maps-turtle/meu_ros/install/meu_ros/lib/meu_ros
[0.983s] Installing nav_waypoints script to /home/kil/Documentos/maps-turtle/meu_ros/install/meu_ros/lib/meu_ros
[0.983s] writing list of installed files to '/home/kil/Documentos/maps-turtle/meu_ros/build/meu_ros/install.log'
[1.006s] Invoked command in '/home/kil/Documentos/maps-turtle/meu_ros' returned '0': PYTHONPATH=/home/kil/Documentos/maps-turtle/meu_ros/build/meu_ros/prefix_override:/home/kil/Documentos/maps-turtle/meu_ros/install/meu_ros/lib/python3.10/site-packages:${PYTHONPATH} /usr/bin/python3 setup.py egg_info --egg-base build/meu_ros build --build-base /home/kil/Documentos/maps-turtle/meu_ros/build/meu_ros/build install --record /home/kil/Documentos/maps-turtle/meu_ros/build/meu_ros/install.log --single-version-externally-managed
