/home/kil/Documentos/maps-turtle/meu_ros/install/meu_ros/lib/python3.10/site-packages/meu_ros/nav2_test.py
/home/kil/Documentos/maps-turtle/meu_ros/install/meu_ros/lib/python3.10/site-packages/meu_ros/test_chatbot.py
/home/kil/Documentos/maps-turtle/meu_ros/install/meu_ros/lib/python3.10/site-packages/meu_ros/nav_waypoints.py
/home/kil/Documentos/maps-turtle/meu_ros/install/meu_ros/lib/python3.10/site-packages/meu_ros/__init__.py
/home/kil/Documentos/maps-turtle/meu_ros/install/meu_ros/lib/python3.10/site-packages/meu_ros/__pycache__/nav2_test.cpython-310.pyc
/home/kil/Documentos/maps-turtle/meu_ros/install/meu_ros/lib/python3.10/site-packages/meu_ros/__pycache__/test_chatbot.cpython-310.pyc
/home/kil/Documentos/maps-turtle/meu_ros/install/meu_ros/lib/python3.10/site-packages/meu_ros/__pycache__/nav_waypoints.cpython-310.pyc
/home/kil/Documentos/maps-turtle/meu_ros/install/meu_ros/lib/python3.10/site-packages/meu_ros/__pycache__/__init__.cpython-310.pyc
/home/kil/Documentos/maps-turtle/meu_ros/install/meu_ros/share/ament_index/resource_index/packages/meu_ros
/home/kil/Documentos/maps-turtle/meu_ros/install/meu_ros/share/meu_ros/package.xml
/home/kil/Documentos/maps-turtle/meu_ros/install/meu_ros/share/meu_ros/launch/test_launch.py
/home/kil/Documentos/maps-turtle/meu_ros/install/meu_ros/lib/python3.10/site-packages/meu_ros-0.0.0-py3.10.egg-info/requires.txt
/home/kil/Documentos/maps-turtle/meu_ros/install/meu_ros/lib/python3.10/site-packages/meu_ros-0.0.0-py3.10.egg-info/entry_points.txt
/home/kil/Documentos/maps-turtle/meu_ros/install/meu_ros/lib/python3.10/site-packages/meu_ros-0.0.0-py3.10.egg-info/dependency_links.txt
/home/kil/Documentos/maps-turtle/meu_ros/install/meu_ros/lib/python3.10/site-packages/meu_ros-0.0.0-py3.10.egg-info/SOURCES.txt
/home/kil/Documentos/maps-turtle/meu_ros/install/meu_ros/lib/python3.10/site-packages/meu_ros-0.0.0-py3.10.egg-info/top_level.txt
/home/kil/Documentos/maps-turtle/meu_ros/install/meu_ros/lib/python3.10/site-packages/meu_ros-0.0.0-py3.10.egg-info/PKG-INFO
/home/kil/Documentos/maps-turtle/meu_ros/install/meu_ros/lib/python3.10/site-packages/meu_ros-0.0.0-py3.10.egg-info/zip-safe
/home/kil/Documentos/maps-turtle/meu_ros/install/meu_ros/lib/meu_ros/chatbot
/home/kil/Documentos/maps-turtle/meu_ros/install/meu_ros/lib/meu_ros/nav2_test
/home/kil/Documentos/maps-turtle/meu_ros/install/meu_ros/lib/meu_ros/nav_waypoints
