running egg_info
writing build/meu_ros/meu_ros.egg-info/PKG-INFO
writing dependency_links to build/meu_ros/meu_ros.egg-info/dependency_links.txt
writing entry points to build/meu_ros/meu_ros.egg-info/entry_points.txt
writing requirements to build/meu_ros/meu_ros.egg-info/requires.txt
writing top-level names to build/meu_ros/meu_ros.egg-info/top_level.txt
reading manifest file 'build/meu_ros/meu_ros.egg-info/SOURCES.txt'
writing manifest file 'build/meu_ros/meu_ros.egg-info/SOURCES.txt'
running build
running build_py
running install
/home/kil/.local/lib/python3.10/site-packages/setuptools/_distutils/cmd.py:66: SetuptoolsDeprecationWarning: setup.py install is deprecated.
!!

        ********************************************************************************
        Please avoid running ``setup.py`` directly.
        Instead, use pypa/build, pypa/installer or other
        standards-based tools.

        See https://blog.ganssle.io/articles/2021/10/setup-py-deprecated.html for details.
        ********************************************************************************

!!
  self.initialize_options()
running install_lib
running install_data
running install_egg_info
removing '/home/kil/Documentos/maps-turtle/meu_ros/install/meu_ros/lib/python3.10/site-packages/meu_ros-0.0.0-py3.10.egg-info' (and everything under it)
Copying build/meu_ros/meu_ros.egg-info to /home/kil/Documentos/maps-turtle/meu_ros/install/meu_ros/lib/python3.10/site-packages/meu_ros-0.0.0-py3.10.egg-info
running install_scripts
Installing chatbot script to /home/kil/Documentos/maps-turtle/meu_ros/install/meu_ros/lib/meu_ros
Installing nav2_test script to /home/kil/Documentos/maps-turtle/meu_ros/install/meu_ros/lib/meu_ros
Installing nav_waypoints script to /home/kil/Documentos/maps-turtle/meu_ros/install/meu_ros/lib/meu_ros
writing list of installed files to '/home/kil/Documentos/maps-turtle/meu_ros/build/meu_ros/install.log'
