[0.777s] Invoking command in '/home/kil/Documentos/maps-turtle/meu_ros': PYTHONPATH=/home/kil/Documentos/maps-turtle/meu_ros/build/meu_ros/prefix_override:/home/kil/Documentos/maps-turtle/meu_ros/install/meu_ros/lib/python3.10/site-packages:${PYTHONPATH} /usr/bin/python3 setup.py egg_info --egg-base build/meu_ros build --build-base /home/kil/Documentos/maps-turtle/meu_ros/build/meu_ros/build install --record /home/kil/Documentos/maps-turtle/meu_ros/build/meu_ros/install.log --single-version-externally-managed
[0.913s] running egg_info
[0.922s] writing build/meu_ros/meu_ros.egg-info/PKG-INFO
[0.922s] writing dependency_links to build/meu_ros/meu_ros.egg-info/dependency_links.txt
[0.925s] writing entry points to build/meu_ros/meu_ros.egg-info/entry_points.txt
[0.925s] writing requirements to build/meu_ros/meu_ros.egg-info/requires.txt
[0.925s] writing top-level names to build/meu_ros/meu_ros.egg-info/top_level.txt
[0.945s] reading manifest file 'build/meu_ros/meu_ros.egg-info/SOURCES.txt'
[0.947s] writing manifest file 'build/meu_ros/meu_ros.egg-info/SOURCES.txt'
[0.947s] running build
[0.947s] running build_py
[0.947s] running install
[0.948s] /home/kil/.local/lib/python3.10/site-packages/setuptools/_distutils/cmd.py:66: SetuptoolsDeprecationWarning: setup.py install is deprecated.
[0.948s] !!
[0.948s] 
[0.948s]         ********************************************************************************
[0.948s]         Please avoid running ``setup.py`` directly.
[0.948s]         Instead, use pypa/build, pypa/installer or other
[0.949s]         standards-based tools.
[0.949s] 
[0.949s]         See https://blog.ganssle.io/articles/2021/10/setup-py-deprecated.html for details.
[0.949s]         ********************************************************************************
[0.949s] 
[0.949s] !!
[0.949s]   self.initialize_options()
[0.952s] running install_lib
[0.961s] running install_data
[0.970s] copying launch/test_launch.py -> /home/kil/Documentos/maps-turtle/meu_ros/install/meu_ros/share/meu_ros/launch
[0.970s] running install_egg_info
[0.980s] removing '/home/kil/Documentos/maps-turtle/meu_ros/install/meu_ros/lib/python3.10/site-packages/meu_ros-0.0.0-py3.10.egg-info' (and everything under it)
[0.980s] Copying build/meu_ros/meu_ros.egg-info to /home/kil/Documentos/maps-turtle/meu_ros/install/meu_ros/lib/python3.10/site-packages/meu_ros-0.0.0-py3.10.egg-info
[0.980s] running install_scripts
[1.070s] Installing nav2_test script to /home/kil/Documentos/maps-turtle/meu_ros/install/meu_ros/lib/meu_ros
[1.070s] Installing nav_waypoints script to /home/kil/Documentos/maps-turtle/meu_ros/install/meu_ros/lib/meu_ros
[1.070s] writing list of installed files to '/home/kil/Documentos/maps-turtle/meu_ros/build/meu_ros/install.log'
[1.089s] Invoked command in '/home/kil/Documentos/maps-turtle/meu_ros' returned '0': PYTHONPATH=/home/kil/Documentos/maps-turtle/meu_ros/build/meu_ros/prefix_override:/home/kil/Documentos/maps-turtle/meu_ros/install/meu_ros/lib/python3.10/site-packages:${PYTHONPATH} /usr/bin/python3 setup.py egg_info --egg-base build/meu_ros build --build-base /home/kil/Documentos/maps-turtle/meu_ros/build/meu_ros/build install --record /home/kil/Documentos/maps-turtle/meu_ros/build/meu_ros/install.log --single-version-externally-managed
