[0.848s] Invoking command in '/home/kil/Documentos/maps-turtle/meu_ros': PYTHONPATH=/home/kil/Documentos/maps-turtle/meu_ros/build/meu_ros/prefix_override:/home/kil/Documentos/maps-turtle/meu_ros/install/meu_ros/lib/python3.10/site-packages:${PYTHONPATH} /usr/bin/python3 setup.py egg_info --egg-base build/meu_ros build --build-base /home/kil/Documentos/maps-turtle/meu_ros/build/meu_ros/build install --record /home/kil/Documentos/maps-turtle/meu_ros/build/meu_ros/install.log --single-version-externally-managed
[0.999s] running egg_info
[1.034s] writing build/meu_ros/meu_ros.egg-info/PKG-INFO
[1.034s] writing dependency_links to build/meu_ros/meu_ros.egg-info/dependency_links.txt
[1.034s] writing entry points to build/meu_ros/meu_ros.egg-info/entry_points.txt
[1.037s] writing requirements to build/meu_ros/meu_ros.egg-info/requires.txt
[1.037s] writing top-level names to build/meu_ros/meu_ros.egg-info/top_level.txt
[1.059s] reading manifest file 'build/meu_ros/meu_ros.egg-info/SOURCES.txt'
[1.061s] writing manifest file 'build/meu_ros/meu_ros.egg-info/SOURCES.txt'
[1.061s] running build
[1.061s] running build_py
[1.062s] running install
[1.063s] /home/kil/.local/lib/python3.10/site-packages/setuptools/_distutils/cmd.py:66: SetuptoolsDeprecationWarning: setup.py install is deprecated.
[1.063s] !!
[1.063s] 
[1.063s]         ********************************************************************************
[1.063s]         Please avoid running ``setup.py`` directly.
[1.063s]         Instead, use pypa/build, pypa/installer or other
[1.063s]         standards-based tools.
[1.063s] 
[1.063s]         See https://blog.ganssle.io/articles/2021/10/setup-py-deprecated.html for details.
[1.063s]         ********************************************************************************
[1.063s] 
[1.063s] !!
[1.063s]   self.initialize_options()
[1.067s] running install_lib
[1.080s] running install_data
[1.091s] running install_egg_info
[1.101s] removing '/home/kil/Documentos/maps-turtle/meu_ros/install/meu_ros/lib/python3.10/site-packages/meu_ros-0.0.0-py3.10.egg-info' (and everything under it)
[1.101s] Copying build/meu_ros/meu_ros.egg-info to /home/kil/Documentos/maps-turtle/meu_ros/install/meu_ros/lib/python3.10/site-packages/meu_ros-0.0.0-py3.10.egg-info
[1.104s] running install_scripts
[1.200s] Installing nav2_test script to /home/kil/Documentos/maps-turtle/meu_ros/install/meu_ros/lib/meu_ros
[1.201s] Installing nav_waypoints script to /home/kil/Documentos/maps-turtle/meu_ros/install/meu_ros/lib/meu_ros
[1.201s] writing list of installed files to '/home/kil/Documentos/maps-turtle/meu_ros/build/meu_ros/install.log'
[1.226s] Invoked command in '/home/kil/Documentos/maps-turtle/meu_ros' returned '0': PYTHONPATH=/home/kil/Documentos/maps-turtle/meu_ros/build/meu_ros/prefix_override:/home/kil/Documentos/maps-turtle/meu_ros/install/meu_ros/lib/python3.10/site-packages:${PYTHONPATH} /usr/bin/python3 setup.py egg_info --egg-base build/meu_ros build --build-base /home/kil/Documentos/maps-turtle/meu_ros/build/meu_ros/build install --record /home/kil/Documentos/maps-turtle/meu_ros/build/meu_ros/install.log --single-version-externally-managed
